<?xml version="1.0" encoding="UTF-8"?>
<!-- Generated by org.testng.reporters.JUnitXMLReporter -->
<testsuite ignored="0" hostname="fv-az1016-35" failures="0" tests="2" name="E2E Test of EAApp" time="9.165" errors="0" timestamp="2024-11-03T10:59:35 UTC">
  <testcase classname="io.cucumber.testng.AbstractTestNGCucumberTests" name="runScenario" time="8.65"/>
  <testcase classname="io.cucumber.testng.AbstractTestNGCucumberTests" name="runScenario" time="8.663"/>
</testsuite> <!-- E2E Test of EAApp -->
