<?xml version="1.0" encoding="UTF-8"?>
<!-- Generated by org.testng.reporters.JUnitXMLReporter -->
<testsuite ignored="0" hostname="fv-az732-443" failures="0" tests="2" name="E2E Test of EAApp" time="27.072" errors="0" timestamp="2024-11-03T11:19:22 UTC">
  <testcase classname="io.cucumber.testng.AbstractTestNGCucumberTests" name="runScenario" time="26.416"/>
  <testcase classname="io.cucumber.testng.AbstractTestNGCucumberTests" name="runScenario" time="26.49"/>
</testsuite> <!-- E2E Test of EAApp -->
